<?xml version="1.0" encoding="UTF-8"?>
<testsuite xmlns:xsi="http://www.w3.org/2001/XMLSchema-instance" xsi:noNamespaceSchemaLocation="https://maven.apache.org/surefire/maven-surefire-plugin/xsd/surefire-test-report-3.0.xsd" version="3.0" name="com.oms.catalog.CatalogApplicationTests" time="2.252" tests="1" errors="0" skipped="0" failures="0">
  <properties>
    <property name="java.specification.version" value="17"/>
    <property name="sun.jnu.encoding" value="UTF-8"/>
    <property name="java.class.path" value="/Users/i527379/workspace/order-management-service/catalog/target/test-classes:/Users/i527379/workspace/order-management-service/catalog/target/classes:/Users/i527379/.m2/repository/org/springframework/boot/spring-boot-starter/3.5.3/spring-boot-starter-3.5.3.jar:/Users/i527379/.m2/repository/org/springframework/boot/spring-boot/3.5.3/spring-boot-3.5.3.jar:/Users/i527379/.m2/repository/org/springframework/spring-context/6.2.8/spring-context-6.2.8.jar:/Users/i527379/.m2/repository/org/springframework/boot/spring-boot-autoconfigure/3.5.3/spring-boot-autoconfigure-3.5.3.jar:/Users/i527379/.m2/repository/org/springframework/boot/spring-boot-starter-logging/3.5.3/spring-boot-starter-logging-3.5.3.jar:/Users/i527379/.m2/repository/ch/qos/logback/logback-classic/1.5.18/logback-classic-1.5.18.jar:/Users/i527379/.m2/repository/ch/qos/logback/logback-core/1.5.18/logback-core-1.5.18.jar:/Users/i527379/.m2/repository/org/apache/logging/log4j/log4j-to-slf4j/2.24.3/log4j-to-slf4j-2.24.3.jar:/Users/i527379/.m2/repository/org/apache/logging/log4j/log4j-api/2.24.3/log4j-api-2.24.3.jar:/Users/i527379/.m2/repository/org/slf4j/jul-to-slf4j/2.0.17/jul-to-slf4j-2.0.17.jar:/Users/i527379/.m2/repository/jakarta/annotation/jakarta.annotation-api/2.1.1/jakarta.annotation-api-2.1.1.jar:/Users/i527379/.m2/repository/org/springframework/spring-core/6.2.8/spring-core-6.2.8.jar:/Users/i527379/.m2/repository/org/springframework/spring-jcl/6.2.8/spring-jcl-6.2.8.jar:/Users/i527379/.m2/repository/org/yaml/snakeyaml/2.4/snakeyaml-2.4.jar:/Users/i527379/.m2/repository/org/springframework/boot/spring-boot-starter-web/3.5.3/spring-boot-starter-web-3.5.3.jar:/Users/i527379/.m2/repository/org/springframework/boot/spring-boot-starter-json/3.5.3/spring-boot-starter-json-3.5.3.jar:/Users/i527379/.m2/repository/com/fasterxml/jackson/core/jackson-databind/2.19.1/jackson-databind-2.19.1.jar:/Users/i527379/.m2/repository/com/fasterxml/jackson/core/jackson-annotations/2.19.1/jackson-annotations-2.19.1.jar:/Users/i527379/.m2/repository/com/fasterxml/jackson/core/jackson-core/2.19.1/jackson-core-2.19.1.jar:/Users/i527379/.m2/repository/com/fasterxml/jackson/datatype/jackson-datatype-jdk8/2.19.1/jackson-datatype-jdk8-2.19.1.jar:/Users/i527379/.m2/repository/com/fasterxml/jackson/datatype/jackson-datatype-jsr310/2.19.1/jackson-datatype-jsr310-2.19.1.jar:/Users/i527379/.m2/repository/com/fasterxml/jackson/module/jackson-module-parameter-names/2.19.1/jackson-module-parameter-names-2.19.1.jar:/Users/i527379/.m2/repository/org/springframework/boot/spring-boot-starter-tomcat/3.5.3/spring-boot-starter-tomcat-3.5.3.jar:/Users/i527379/.m2/repository/org/apache/tomcat/embed/tomcat-embed-core/10.1.42/tomcat-embed-core-10.1.42.jar:/Users/i527379/.m2/repository/org/apache/tomcat/embed/tomcat-embed-el/10.1.42/tomcat-embed-el-10.1.42.jar:/Users/i527379/.m2/repository/org/apache/tomcat/embed/tomcat-embed-websocket/10.1.42/tomcat-embed-websocket-10.1.42.jar:/Users/i527379/.m2/repository/org/springframework/spring-web/6.2.8/spring-web-6.2.8.jar:/Users/i527379/.m2/repository/io/micrometer/micrometer-observation/1.14.8/micrometer-observation-1.14.8.jar:/Users/i527379/.m2/repository/io/micrometer/micrometer-commons/1.14.8/micrometer-commons-1.14.8.jar:/Users/i527379/.m2/repository/org/springframework/spring-webmvc/6.2.8/spring-webmvc-6.2.8.jar:/Users/i527379/.m2/repository/org/springframework/spring-aop/6.2.8/spring-aop-6.2.8.jar:/Users/i527379/.m2/repository/org/springframework/spring-expression/6.2.8/spring-expression-6.2.8.jar:/Users/i527379/.m2/repository/org/springframework/boot/spring-boot-starter-data-jpa/3.5.3/spring-boot-starter-data-jpa-3.5.3.jar:/Users/i527379/.m2/repository/org/springframework/boot/spring-boot-starter-jdbc/3.5.3/spring-boot-starter-jdbc-3.5.3.jar:/Users/i527379/.m2/repository/com/zaxxer/HikariCP/6.3.0/HikariCP-6.3.0.jar:/Users/i527379/.m2/repository/org/springframework/spring-jdbc/6.2.8/spring-jdbc-6.2.8.jar:/Users/i527379/.m2/repository/org/hibernate/orm/hibernate-core/6.6.18.Final/hibernate-core-6.6.18.Final.jar:/Users/i527379/.m2/repository/jakarta/persistence/jakarta.persistence-api/3.1.0/jakarta.persistence-api-3.1.0.jar:/Users/i527379/.m2/repository/jakarta/transaction/jakarta.transaction-api/2.0.1/jakarta.transaction-api-2.0.1.jar:/Users/i527379/.m2/repository/org/jboss/logging/jboss-logging/3.5.0.Final/jboss-logging-3.5.0.Final.jar:/Users/i527379/.m2/repository/org/hibernate/common/hibernate-commons-annotations/7.0.3.Final/hibernate-commons-annotations-7.0.3.Final.jar:/Users/i527379/.m2/repository/io/smallrye/jandex/3.2.0/jandex-3.2.0.jar:/Users/i527379/.m2/repository/com/fasterxml/classmate/1.5.1/classmate-1.5.1.jar:/Users/i527379/.m2/repository/net/bytebuddy/byte-buddy/1.15.11/byte-buddy-1.15.11.jar:/Users/i527379/.m2/repository/org/glassfish/jaxb/jaxb-runtime/4.0.2/jaxb-runtime-4.0.2.jar:/Users/i527379/.m2/repository/org/glassfish/jaxb/jaxb-core/4.0.2/jaxb-core-4.0.2.jar:/Users/i527379/.m2/repository/org/eclipse/angus/angus-activation/2.0.0/angus-activation-2.0.0.jar:/Users/i527379/.m2/repository/org/glassfish/jaxb/txw2/4.0.2/txw2-4.0.2.jar:/Users/i527379/.m2/repository/com/sun/istack/istack-commons-runtime/4.1.1/istack-commons-runtime-4.1.1.jar:/Users/i527379/.m2/repository/jakarta/inject/jakarta.inject-api/2.0.1/jakarta.inject-api-2.0.1.jar:/Users/i527379/.m2/repository/org/antlr/antlr4-runtime/4.13.0/antlr4-runtime-4.13.0.jar:/Users/i527379/.m2/repository/org/springframework/data/spring-data-jpa/3.5.1/spring-data-jpa-3.5.1.jar:/Users/i527379/.m2/repository/org/springframework/data/spring-data-commons/3.5.1/spring-data-commons-3.5.1.jar:/Users/i527379/.m2/repository/org/springframework/spring-orm/6.2.8/spring-orm-6.2.8.jar:/Users/i527379/.m2/repository/org/springframework/spring-tx/6.2.8/spring-tx-6.2.8.jar:/Users/i527379/.m2/repository/org/springframework/spring-aspects/6.2.8/spring-aspects-6.2.8.jar:/Users/i527379/.m2/repository/org/aspectj/aspectjweaver/1.9.22.1/aspectjweaver-1.9.22.1.jar:/Users/i527379/.m2/repository/org/liquibase/liquibase-core/4.33.0/liquibase-core-4.33.0.jar:/Users/i527379/.m2/repository/com/opencsv/opencsv/5.11.2/opencsv-5.11.2.jar:/Users/i527379/.m2/repository/javax/xml/bind/jaxb-api/2.3.1/jaxb-api-2.3.1.jar:/Users/i527379/.m2/repository/org/apache/commons/commons-collections4/4.5.0/commons-collections4-4.5.0.jar:/Users/i527379/.m2/repository/org/apache/commons/commons-text/1.13.1/commons-text-1.13.1.jar:/Users/i527379/.m2/repository/org/apache/commons/commons-lang3/3.17.0/commons-lang3-3.17.0.jar:/Users/i527379/.m2/repository/commons-io/commons-io/2.19.0/commons-io-2.19.0.jar:/Users/i527379/.m2/repository/org/postgresql/postgresql/42.7.3/postgresql-42.7.3.jar:/Users/i527379/.m2/repository/org/checkerframework/checker-qual/3.42.0/checker-qual-3.42.0.jar:/Users/i527379/.m2/repository/org/slf4j/slf4j-api/2.0.9/slf4j-api-2.0.9.jar:/Users/i527379/.m2/repository/com/h2database/h2/2.3.232/h2-2.3.232.jar:/Users/i527379/.m2/repository/org/springframework/boot/spring-boot-starter-test/3.5.3/spring-boot-starter-test-3.5.3.jar:/Users/i527379/.m2/repository/org/springframework/boot/spring-boot-test/3.5.3/spring-boot-test-3.5.3.jar:/Users/i527379/.m2/repository/org/springframework/boot/spring-boot-test-autoconfigure/3.5.3/spring-boot-test-autoconfigure-3.5.3.jar:/Users/i527379/.m2/repository/com/jayway/jsonpath/json-path/2.9.0/json-path-2.9.0.jar:/Users/i527379/.m2/repository/jakarta/xml/bind/jakarta.xml.bind-api/4.0.2/jakarta.xml.bind-api-4.0.2.jar:/Users/i527379/.m2/repository/jakarta/activation/jakarta.activation-api/2.1.3/jakarta.activation-api-2.1.3.jar:/Users/i527379/.m2/repository/net/minidev/json-smart/2.5.2/json-smart-2.5.2.jar:/Users/i527379/.m2/repository/net/minidev/accessors-smart/2.5.2/accessors-smart-2.5.2.jar:/Users/i527379/.m2/repository/org/ow2/asm/asm/9.7.1/asm-9.7.1.jar:/Users/i527379/.m2/repository/org/assertj/assertj-core/3.27.3/assertj-core-3.27.3.jar:/Users/i527379/.m2/repository/org/awaitility/awaitility/4.2.2/awaitility-4.2.2.jar:/Users/i527379/.m2/repository/org/hamcrest/hamcrest/3.0/hamcrest-3.0.jar:/Users/i527379/.m2/repository/org/junit/jupiter/junit-jupiter/5.12.2/junit-jupiter-5.12.2.jar:/Users/i527379/.m2/repository/org/junit/jupiter/junit-jupiter-api/5.12.2/junit-jupiter-api-5.12.2.jar:/Users/i527379/.m2/repository/org/opentest4j/opentest4j/1.3.0/opentest4j-1.3.0.jar:/Users/i527379/.m2/repository/org/junit/platform/junit-platform-commons/1.12.2/junit-platform-commons-1.12.2.jar:/Users/i527379/.m2/repository/org/apiguardian/apiguardian-api/1.1.2/apiguardian-api-1.1.2.jar:/Users/i527379/.m2/repository/org/junit/jupiter/junit-jupiter-params/5.12.2/junit-jupiter-params-5.12.2.jar:/Users/i527379/.m2/repository/org/junit/jupiter/junit-jupiter-engine/5.12.2/junit-jupiter-engine-5.12.2.jar:/Users/i527379/.m2/repository/org/junit/platform/junit-platform-engine/1.12.2/junit-platform-engine-1.12.2.jar:/Users/i527379/.m2/repository/org/mockito/mockito-core/5.17.0/mockito-core-5.17.0.jar:/Users/i527379/.m2/repository/net/bytebuddy/byte-buddy-agent/1.15.11/byte-buddy-agent-1.15.11.jar:/Users/i527379/.m2/repository/org/objenesis/objenesis/3.3/objenesis-3.3.jar:/Users/i527379/.m2/repository/org/mockito/mockito-junit-jupiter/5.17.0/mockito-junit-jupiter-5.17.0.jar:/Users/i527379/.m2/repository/org/skyscreamer/jsonassert/1.5.3/jsonassert-1.5.3.jar:/Users/i527379/.m2/repository/com/vaadin/external/google/android-json/0.0.20131108.vaadin1/android-json-0.0.20131108.vaadin1.jar:/Users/i527379/.m2/repository/org/springframework/spring-test/6.2.8/spring-test-6.2.8.jar:/Users/i527379/.m2/repository/org/xmlunit/xmlunit-core/2.10.2/xmlunit-core-2.10.2.jar:/Users/i527379/.m2/repository/org/springframework/spring-webflux/6.2.9/spring-webflux-6.2.9.jar:/Users/i527379/.m2/repository/org/springframework/spring-beans/6.2.9/spring-beans-6.2.9.jar:/Users/i527379/.m2/repository/io/projectreactor/reactor-core/3.7.8/reactor-core-3.7.8.jar:/Users/i527379/.m2/repository/org/reactivestreams/reactive-streams/1.0.4/reactive-streams-1.0.4.jar:/Users/i527379/.m2/repository/com/oms/inventory/0.0.1-SNAPSHOT/inventory-0.0.1-SNAPSHOT.jar:/Users/i527379/.m2/repository/io/projectreactor/reactor-test/3.1.0.RELEASE/reactor-test-3.1.0.RELEASE.jar:"/>
    <property name="java.vm.vendor" value="SAP SE"/>
    <property name="sun.arch.data.model" value="64"/>
    <property name="java.vendor.url" value="https://sapmachine.io/"/>
    <property name="user.timezone" value="Asia/Kolkata"/>
    <property name="org.jboss.logging.provider" value="slf4j"/>
    <property name="os.name" value="Mac OS X"/>
    <property name="java.vm.specification.version" value="17"/>
    <property name="APPLICATION_NAME" value="catalog"/>
    <property name="sun.java.launcher" value="SUN_STANDARD"/>
    <property name="user.country" value="IN"/>
    <property name="sun.boot.library.path" value="/Library/Java/JavaVirtualMachines/sapmachine-17.jdk/Contents/Home/lib"/>
    <property name="sun.java.command" value="/Users/i527379/workspace/order-management-service/catalog/target/surefire/surefirebooter-20250805002759140_3.jar /Users/i527379/workspace/order-management-service/catalog/target/surefire 2025-08-05T00-27-59_066-jvmRun1 surefire-20250805002759140_1tmp surefire_0-20250805002759140_2tmp"/>
    <property name="jdk.debug" value="release"/>
    <property name="surefire.test.class.path" value="/Users/i527379/workspace/order-management-service/catalog/target/test-classes:/Users/i527379/workspace/order-management-service/catalog/target/classes:/Users/i527379/.m2/repository/org/springframework/boot/spring-boot-starter/3.5.3/spring-boot-starter-3.5.3.jar:/Users/i527379/.m2/repository/org/springframework/boot/spring-boot/3.5.3/spring-boot-3.5.3.jar:/Users/i527379/.m2/repository/org/springframework/spring-context/6.2.8/spring-context-6.2.8.jar:/Users/i527379/.m2/repository/org/springframework/boot/spring-boot-autoconfigure/3.5.3/spring-boot-autoconfigure-3.5.3.jar:/Users/i527379/.m2/repository/org/springframework/boot/spring-boot-starter-logging/3.5.3/spring-boot-starter-logging-3.5.3.jar:/Users/i527379/.m2/repository/ch/qos/logback/logback-classic/1.5.18/logback-classic-1.5.18.jar:/Users/i527379/.m2/repository/ch/qos/logback/logback-core/1.5.18/logback-core-1.5.18.jar:/Users/i527379/.m2/repository/org/apache/logging/log4j/log4j-to-slf4j/2.24.3/log4j-to-slf4j-2.24.3.jar:/Users/i527379/.m2/repository/org/apache/logging/log4j/log4j-api/2.24.3/log4j-api-2.24.3.jar:/Users/i527379/.m2/repository/org/slf4j/jul-to-slf4j/2.0.17/jul-to-slf4j-2.0.17.jar:/Users/i527379/.m2/repository/jakarta/annotation/jakarta.annotation-api/2.1.1/jakarta.annotation-api-2.1.1.jar:/Users/i527379/.m2/repository/org/springframework/spring-core/6.2.8/spring-core-6.2.8.jar:/Users/i527379/.m2/repository/org/springframework/spring-jcl/6.2.8/spring-jcl-6.2.8.jar:/Users/i527379/.m2/repository/org/yaml/snakeyaml/2.4/snakeyaml-2.4.jar:/Users/i527379/.m2/repository/org/springframework/boot/spring-boot-starter-web/3.5.3/spring-boot-starter-web-3.5.3.jar:/Users/i527379/.m2/repository/org/springframework/boot/spring-boot-starter-json/3.5.3/spring-boot-starter-json-3.5.3.jar:/Users/i527379/.m2/repository/com/fasterxml/jackson/core/jackson-databind/2.19.1/jackson-databind-2.19.1.jar:/Users/i527379/.m2/repository/com/fasterxml/jackson/core/jackson-annotations/2.19.1/jackson-annotations-2.19.1.jar:/Users/i527379/.m2/repository/com/fasterxml/jackson/core/jackson-core/2.19.1/jackson-core-2.19.1.jar:/Users/i527379/.m2/repository/com/fasterxml/jackson/datatype/jackson-datatype-jdk8/2.19.1/jackson-datatype-jdk8-2.19.1.jar:/Users/i527379/.m2/repository/com/fasterxml/jackson/datatype/jackson-datatype-jsr310/2.19.1/jackson-datatype-jsr310-2.19.1.jar:/Users/i527379/.m2/repository/com/fasterxml/jackson/module/jackson-module-parameter-names/2.19.1/jackson-module-parameter-names-2.19.1.jar:/Users/i527379/.m2/repository/org/springframework/boot/spring-boot-starter-tomcat/3.5.3/spring-boot-starter-tomcat-3.5.3.jar:/Users/i527379/.m2/repository/org/apache/tomcat/embed/tomcat-embed-core/10.1.42/tomcat-embed-core-10.1.42.jar:/Users/i527379/.m2/repository/org/apache/tomcat/embed/tomcat-embed-el/10.1.42/tomcat-embed-el-10.1.42.jar:/Users/i527379/.m2/repository/org/apache/tomcat/embed/tomcat-embed-websocket/10.1.42/tomcat-embed-websocket-10.1.42.jar:/Users/i527379/.m2/repository/org/springframework/spring-web/6.2.8/spring-web-6.2.8.jar:/Users/i527379/.m2/repository/io/micrometer/micrometer-observation/1.14.8/micrometer-observation-1.14.8.jar:/Users/i527379/.m2/repository/io/micrometer/micrometer-commons/1.14.8/micrometer-commons-1.14.8.jar:/Users/i527379/.m2/repository/org/springframework/spring-webmvc/6.2.8/spring-webmvc-6.2.8.jar:/Users/i527379/.m2/repository/org/springframework/spring-aop/6.2.8/spring-aop-6.2.8.jar:/Users/i527379/.m2/repository/org/springframework/spring-expression/6.2.8/spring-expression-6.2.8.jar:/Users/i527379/.m2/repository/org/springframework/boot/spring-boot-starter-data-jpa/3.5.3/spring-boot-starter-data-jpa-3.5.3.jar:/Users/i527379/.m2/repository/org/springframework/boot/spring-boot-starter-jdbc/3.5.3/spring-boot-starter-jdbc-3.5.3.jar:/Users/i527379/.m2/repository/com/zaxxer/HikariCP/6.3.0/HikariCP-6.3.0.jar:/Users/i527379/.m2/repository/org/springframework/spring-jdbc/6.2.8/spring-jdbc-6.2.8.jar:/Users/i527379/.m2/repository/org/hibernate/orm/hibernate-core/6.6.18.Final/hibernate-core-6.6.18.Final.jar:/Users/i527379/.m2/repository/jakarta/persistence/jakarta.persistence-api/3.1.0/jakarta.persistence-api-3.1.0.jar:/Users/i527379/.m2/repository/jakarta/transaction/jakarta.transaction-api/2.0.1/jakarta.transaction-api-2.0.1.jar:/Users/i527379/.m2/repository/org/jboss/logging/jboss-logging/3.5.0.Final/jboss-logging-3.5.0.Final.jar:/Users/i527379/.m2/repository/org/hibernate/common/hibernate-commons-annotations/7.0.3.Final/hibernate-commons-annotations-7.0.3.Final.jar:/Users/i527379/.m2/repository/io/smallrye/jandex/3.2.0/jandex-3.2.0.jar:/Users/i527379/.m2/repository/com/fasterxml/classmate/1.5.1/classmate-1.5.1.jar:/Users/i527379/.m2/repository/net/bytebuddy/byte-buddy/1.15.11/byte-buddy-1.15.11.jar:/Users/i527379/.m2/repository/org/glassfish/jaxb/jaxb-runtime/4.0.2/jaxb-runtime-4.0.2.jar:/Users/i527379/.m2/repository/org/glassfish/jaxb/jaxb-core/4.0.2/jaxb-core-4.0.2.jar:/Users/i527379/.m2/repository/org/eclipse/angus/angus-activation/2.0.0/angus-activation-2.0.0.jar:/Users/i527379/.m2/repository/org/glassfish/jaxb/txw2/4.0.2/txw2-4.0.2.jar:/Users/i527379/.m2/repository/com/sun/istack/istack-commons-runtime/4.1.1/istack-commons-runtime-4.1.1.jar:/Users/i527379/.m2/repository/jakarta/inject/jakarta.inject-api/2.0.1/jakarta.inject-api-2.0.1.jar:/Users/i527379/.m2/repository/org/antlr/antlr4-runtime/4.13.0/antlr4-runtime-4.13.0.jar:/Users/i527379/.m2/repository/org/springframework/data/spring-data-jpa/3.5.1/spring-data-jpa-3.5.1.jar:/Users/i527379/.m2/repository/org/springframework/data/spring-data-commons/3.5.1/spring-data-commons-3.5.1.jar:/Users/i527379/.m2/repository/org/springframework/spring-orm/6.2.8/spring-orm-6.2.8.jar:/Users/i527379/.m2/repository/org/springframework/spring-tx/6.2.8/spring-tx-6.2.8.jar:/Users/i527379/.m2/repository/org/springframework/spring-aspects/6.2.8/spring-aspects-6.2.8.jar:/Users/i527379/.m2/repository/org/aspectj/aspectjweaver/1.9.22.1/aspectjweaver-1.9.22.1.jar:/Users/i527379/.m2/repository/org/liquibase/liquibase-core/4.33.0/liquibase-core-4.33.0.jar:/Users/i527379/.m2/repository/com/opencsv/opencsv/5.11.2/opencsv-5.11.2.jar:/Users/i527379/.m2/repository/javax/xml/bind/jaxb-api/2.3.1/jaxb-api-2.3.1.jar:/Users/i527379/.m2/repository/org/apache/commons/commons-collections4/4.5.0/commons-collections4-4.5.0.jar:/Users/i527379/.m2/repository/org/apache/commons/commons-text/1.13.1/commons-text-1.13.1.jar:/Users/i527379/.m2/repository/org/apache/commons/commons-lang3/3.17.0/commons-lang3-3.17.0.jar:/Users/i527379/.m2/repository/commons-io/commons-io/2.19.0/commons-io-2.19.0.jar:/Users/i527379/.m2/repository/org/postgresql/postgresql/42.7.3/postgresql-42.7.3.jar:/Users/i527379/.m2/repository/org/checkerframework/checker-qual/3.42.0/checker-qual-3.42.0.jar:/Users/i527379/.m2/repository/org/slf4j/slf4j-api/2.0.9/slf4j-api-2.0.9.jar:/Users/i527379/.m2/repository/com/h2database/h2/2.3.232/h2-2.3.232.jar:/Users/i527379/.m2/repository/org/springframework/boot/spring-boot-starter-test/3.5.3/spring-boot-starter-test-3.5.3.jar:/Users/i527379/.m2/repository/org/springframework/boot/spring-boot-test/3.5.3/spring-boot-test-3.5.3.jar:/Users/i527379/.m2/repository/org/springframework/boot/spring-boot-test-autoconfigure/3.5.3/spring-boot-test-autoconfigure-3.5.3.jar:/Users/i527379/.m2/repository/com/jayway/jsonpath/json-path/2.9.0/json-path-2.9.0.jar:/Users/i527379/.m2/repository/jakarta/xml/bind/jakarta.xml.bind-api/4.0.2/jakarta.xml.bind-api-4.0.2.jar:/Users/i527379/.m2/repository/jakarta/activation/jakarta.activation-api/2.1.3/jakarta.activation-api-2.1.3.jar:/Users/i527379/.m2/repository/net/minidev/json-smart/2.5.2/json-smart-2.5.2.jar:/Users/i527379/.m2/repository/net/minidev/accessors-smart/2.5.2/accessors-smart-2.5.2.jar:/Users/i527379/.m2/repository/org/ow2/asm/asm/9.7.1/asm-9.7.1.jar:/Users/i527379/.m2/repository/org/assertj/assertj-core/3.27.3/assertj-core-3.27.3.jar:/Users/i527379/.m2/repository/org/awaitility/awaitility/4.2.2/awaitility-4.2.2.jar:/Users/i527379/.m2/repository/org/hamcrest/hamcrest/3.0/hamcrest-3.0.jar:/Users/i527379/.m2/repository/org/junit/jupiter/junit-jupiter/5.12.2/junit-jupiter-5.12.2.jar:/Users/i527379/.m2/repository/org/junit/jupiter/junit-jupiter-api/5.12.2/junit-jupiter-api-5.12.2.jar:/Users/i527379/.m2/repository/org/opentest4j/opentest4j/1.3.0/opentest4j-1.3.0.jar:/Users/i527379/.m2/repository/org/junit/platform/junit-platform-commons/1.12.2/junit-platform-commons-1.12.2.jar:/Users/i527379/.m2/repository/org/apiguardian/apiguardian-api/1.1.2/apiguardian-api-1.1.2.jar:/Users/i527379/.m2/repository/org/junit/jupiter/junit-jupiter-params/5.12.2/junit-jupiter-params-5.12.2.jar:/Users/i527379/.m2/repository/org/junit/jupiter/junit-jupiter-engine/5.12.2/junit-jupiter-engine-5.12.2.jar:/Users/i527379/.m2/repository/org/junit/platform/junit-platform-engine/1.12.2/junit-platform-engine-1.12.2.jar:/Users/i527379/.m2/repository/org/mockito/mockito-core/5.17.0/mockito-core-5.17.0.jar:/Users/i527379/.m2/repository/net/bytebuddy/byte-buddy-agent/1.15.11/byte-buddy-agent-1.15.11.jar:/Users/i527379/.m2/repository/org/objenesis/objenesis/3.3/objenesis-3.3.jar:/Users/i527379/.m2/repository/org/mockito/mockito-junit-jupiter/5.17.0/mockito-junit-jupiter-5.17.0.jar:/Users/i527379/.m2/repository/org/skyscreamer/jsonassert/1.5.3/jsonassert-1.5.3.jar:/Users/i527379/.m2/repository/com/vaadin/external/google/android-json/0.0.20131108.vaadin1/android-json-0.0.20131108.vaadin1.jar:/Users/i527379/.m2/repository/org/springframework/spring-test/6.2.8/spring-test-6.2.8.jar:/Users/i527379/.m2/repository/org/xmlunit/xmlunit-core/2.10.2/xmlunit-core-2.10.2.jar:/Users/i527379/.m2/repository/org/springframework/spring-webflux/6.2.9/spring-webflux-6.2.9.jar:/Users/i527379/.m2/repository/org/springframework/spring-beans/6.2.9/spring-beans-6.2.9.jar:/Users/i527379/.m2/repository/io/projectreactor/reactor-core/3.7.8/reactor-core-3.7.8.jar:/Users/i527379/.m2/repository/org/reactivestreams/reactive-streams/1.0.4/reactive-streams-1.0.4.jar:/Users/i527379/.m2/repository/com/oms/inventory/0.0.1-SNAPSHOT/inventory-0.0.1-SNAPSHOT.jar:/Users/i527379/.m2/repository/io/projectreactor/reactor-test/3.1.0.RELEASE/reactor-test-3.1.0.RELEASE.jar:"/>
    <property name="sun.cpu.endian" value="little"/>
    <property name="user.home" value="/Users/i527379"/>
    <property name="user.language" value="en"/>
    <property name="java.specification.vendor" value="Oracle Corporation"/>
    <property name="java.version.date" value="2025-07-15"/>
    <property name="java.home" value="/Library/Java/JavaVirtualMachines/sapmachine-17.jdk/Contents/Home"/>
    <property name="file.separator" value="/"/>
    <property name="basedir" value="/Users/i527379/workspace/order-management-service/catalog"/>
    <property name="java.vm.compressedOopsMode" value="Zero based"/>
    <property name="line.separator" value="&#10;"/>
    <property name="java.specification.name" value="Java Platform API Specification"/>
    <property name="java.vm.specification.vendor" value="Oracle Corporation"/>
    <property name="FILE_LOG_CHARSET" value="UTF-8"/>
    <property name="java.awt.headless" value="true"/>
    <property name="surefire.real.class.path" value="/Users/i527379/workspace/order-management-service/catalog/target/surefire/surefirebooter-20250805002759140_3.jar"/>
    <property name="sun.management.compiler" value="HotSpot 64-Bit Tiered Compilers"/>
    <property name="java.runtime.version" value="17.0.16+8-LTS"/>
    <property name="user.name" value="i527379"/>
    <property name="path.separator" value=":"/>
    <property name="os.version" value="15.5"/>
    <property name="java.runtime.name" value="OpenJDK Runtime Environment"/>
    <property name="file.encoding" value="UTF-8"/>
    <property name="java.vm.name" value="OpenJDK 64-Bit Server VM"/>
    <property name="java.vendor.version" value="SapMachine"/>
    <property name="localRepository" value="/Users/i527379/.m2/repository"/>
    <property name="java.vendor.url.bug" value="https://github.com/SAP/SapMachine/issues/new"/>
    <property name="java.io.tmpdir" value="/var/folders/t2/99m89vfn2l98p887my8k2fbh0000gn/T/"/>
    <property name="com.zaxxer.hikari.pool_number" value="1"/>
    <property name="java.version" value="17.0.16"/>
    <property name="user.dir" value="/Users/i527379/workspace/order-management-service/catalog"/>
    <property name="os.arch" value="aarch64"/>
    <property name="java.vm.specification.name" value="Java Virtual Machine Specification"/>
    <property name="PID" value="21632"/>
    <property name="CONSOLE_LOG_CHARSET" value="UTF-8"/>
    <property name="native.encoding" value="UTF-8"/>
    <property name="java.library.path" value="/Users/i527379/Library/Java/Extensions:/Library/Java/Extensions:/Network/Library/Java/Extensions:/System/Library/Java/Extensions:/usr/lib/java:."/>
    <property name="java.vm.info" value="mixed mode, sharing"/>
    <property name="java.vendor" value="SAP SE"/>
    <property name="java.vm.version" value="17.0.16+8-LTS"/>
    <property name="java.specification.maintenance.version" value="1"/>
    <property name="sun.io.unicode.encoding" value="UnicodeBig"/>
    <property name="java.class.version" value="61.0"/>
    <property name="CONSOLE_LOG_PATTERN" value="%d{yyyy-MM-dd HH:mm:ss} [%thread] %-5level %logger{36} - %msg%n"/>
    <property name="LOGGED_APPLICATION_NAME" value="[catalog] "/>
  </properties>
  <testcase name="contextLoads" classname="com.oms.catalog.CatalogApplicationTests" time="0.003">
    <system-out><![CDATA[2025-08-05 00:28:00.017 [main] INFO  o.s.t.c.s.AnnotationConfigContextLoaderUtils - [test-correlation-id] Could not detect default configuration classes for test class [com.oms.catalog.CatalogApplicationTests]: CatalogApplicationTests does not declare any static, non-private, non-final, nested classes annotated with @Configuration.
2025-08-05 00:28:00.054 [main] INFO  o.s.b.t.c.SpringBootTestContextBootstrapper - [test-correlation-id] Found @SpringBootConfiguration com.oms.catalog.CatalogApplication for test class com.oms.catalog.CatalogApplicationTests

  .   ____          _            __ _ _
 /\\ / ___'_ __ _ _(_)_ __  __ _ \ \ \ \
( ( )\___ | '_ | '_| | '_ \/ _` | \ \ \ \
 \\/  ___)| |_)| | | | | || (_| |  ) ) ) )
  '  |____| .__|_| |_|_| |_\__, | / / / /
 =========|_|==============|___/=/_/_/_/

 :: Spring Boot ::                (v3.5.3)

2025-08-05 00:28:00.161 [main] INFO  c.o.catalog.CatalogApplicationTests - [test-correlation-id] Starting CatalogApplicationTests using Java 17.0.16 with PID 21632 (started by i527379 in /Users/i527379/workspace/order-management-service/catalog)
2025-08-05 00:28:00.161 [main] INFO  c.o.catalog.CatalogApplicationTests - [test-correlation-id] No active profile set, falling back to 1 default profile: "default"
2025-08-05 00:28:00.337 [main] INFO  o.s.d.r.c.RepositoryConfigurationDelegate - [test-correlation-id] Bootstrapping Spring Data JPA repositories in DEFAULT mode.
2025-08-05 00:28:00.357 [main] INFO  o.s.d.r.c.RepositoryConfigurationDelegate - [test-correlation-id] Finished Spring Data repository scanning in 16 ms. Found 1 JPA repository interface.
2025-08-05 00:28:00.479 [main] INFO  com.zaxxer.hikari.HikariDataSource - [test-correlation-id] HikariPool-1 - Starting...
2025-08-05 00:28:00.537 [main] INFO  com.zaxxer.hikari.pool.HikariPool - [test-correlation-id] HikariPool-1 - Added connection conn0: url=jdbc:h2:mem:testdb user=SA
2025-08-05 00:28:00.537 [main] INFO  com.zaxxer.hikari.HikariDataSource - [test-correlation-id] HikariPool-1 - Start completed.
2025-08-05 00:28:00.687 [main] INFO  liquibase.changelog - [test-correlation-id] Creating database changelog table with name: PUBLIC.DATABASECHANGELOG
2025-08-05 00:28:00.720 [main] INFO  liquibase.changelog - [test-correlation-id] Reading from PUBLIC.DATABASECHANGELOG
2025-08-05 00:28:00.724 [main] INFO  liquibase.snapshot - [test-correlation-id] Creating snapshot
2025-08-05 00:28:00.747 [main] INFO  liquibase.lockservice - [test-correlation-id] Successfully acquired change log lock
2025-08-05 00:28:00.747 [main] INFO  liquibase.command - [test-correlation-id] Using deploymentId: 4333880474
2025-08-05 00:28:00.748 [main] INFO  liquibase.changelog - [test-correlation-id] Reading from PUBLIC.DATABASECHANGELOG
2025-08-05 00:28:00.754 [main] INFO  liquibase.ui - [test-correlation-id] Running Changeset: liquibase-catalog-changelog.xml::create-table::abhiTatachar2000
2025-08-05 00:28:00.758 [main] INFO  liquibase.changelog - [test-correlation-id] Table catelog_items created
2025-08-05 00:28:00.758 [main] INFO  liquibase.changelog - [test-correlation-id] ChangeSet liquibase-catalog-changelog.xml::create-table::abhiTatachar2000 ran successfully in 4ms
2025-08-05 00:28:00.761 [main] INFO  liquibase.util - [test-correlation-id] UPDATE SUMMARY
2025-08-05 00:28:00.761 [main] INFO  liquibase.util - [test-correlation-id] Run:                          1
2025-08-05 00:28:00.761 [main] INFO  liquibase.util - [test-correlation-id] Previously run:               0
2025-08-05 00:28:00.761 [main] INFO  liquibase.util - [test-correlation-id] Filtered out:                 0
2025-08-05 00:28:00.761 [main] INFO  liquibase.util - [test-correlation-id] -------------------------------
2025-08-05 00:28:00.761 [main] INFO  liquibase.util - [test-correlation-id] Total change sets:            1
2025-08-05 00:28:00.761 [main] INFO  liquibase.util - [test-correlation-id] Update summary generated
2025-08-05 00:28:00.762 [main] INFO  liquibase.command - [test-correlation-id] Update command completed successfully.
2025-08-05 00:28:00.762 [main] INFO  liquibase.ui - [test-correlation-id] Liquibase: Update has been successful. Rows affected: 0
2025-08-05 00:28:00.763 [main] INFO  liquibase.lockservice - [test-correlation-id] Successfully released change log lock
2025-08-05 00:28:00.763 [main] INFO  liquibase.command - [test-correlation-id] Command execution complete
2025-08-05 00:28:01.652 [main] INFO  o.h.jpa.internal.util.LogHelper - [test-correlation-id] HHH000204: Processing PersistenceUnitInfo [name: default]
2025-08-05 00:28:01.676 [main] INFO  org.hibernate.Version - [test-correlation-id] HHH000412: Hibernate ORM core version 6.6.18.Final
2025-08-05 00:28:01.687 [main] INFO  o.h.c.i.RegionFactoryInitiator - [test-correlation-id] HHH000026: Second-level cache disabled
2025-08-05 00:28:01.727 [main] INFO  o.s.o.j.p.SpringPersistenceUnitInfo - [test-correlation-id] No LoadTimeWeaver setup: ignoring JPA class transformer
2025-08-05 00:28:01.741 [main] WARN  org.hibernate.orm.deprecation - [test-correlation-id] HHH90000025: H2Dialect does not need to be specified explicitly using 'hibernate.dialect' (remove the property setting and it will be selected by default)
2025-08-05 00:28:01.746 [main] INFO  o.hibernate.orm.connections.pooling - [test-correlation-id] HHH10001005: Database info:
	Database JDBC URL [Connecting through datasource 'HikariDataSource (HikariPool-1)']
	Database driver: undefined/unknown
	Database version: 2.3.232
	Autocommit mode: undefined/unknown
	Isolation level: undefined/unknown
	Minimum pool size: undefined/unknown
	Maximum pool size: undefined/unknown
2025-08-05 00:28:01.956 [main] INFO  o.h.e.t.j.p.i.JtaPlatformInitiator - [test-correlation-id] HHH000489: No JTA platform available (set 'hibernate.transaction.jta.platform' to enable JTA platform integration)
2025-08-05 00:28:01.958 [main] INFO  o.s.o.j.LocalContainerEntityManagerFactoryBean - [test-correlation-id] Initialized JPA EntityManagerFactory for persistence unit 'default'
2025-08-05 00:28:02.139 [main] WARN  o.s.b.a.o.j.JpaBaseConfiguration$JpaWebConfiguration - [test-correlation-id] spring.jpa.open-in-view is enabled by default. Therefore, database queries may be performed during view rendering. Explicitly configure spring.jpa.open-in-view to disable this warning
2025-08-05 00:28:02.236 [main] INFO  c.o.catalog.CatalogApplicationTests - [test-correlation-id] Started CatalogApplicationTests in 2.143 seconds (process running for 3.061)
]]></system-out>
  </testcase>
</testsuite>